2020-04-13 01:31:06 - INFO - get_acc_balance.py - main - 0258e0ab-0aca-44c5-ae65-00026337880d - beginning of function
2020-04-13 01:31:06 - INFO - get_acc_balance.py - get_acc_balance - 0258e0ab-0aca-44c5-ae65-00026337880d - beginning of function
2020-04-13 01:31:06 - INFO - get_acc_balance.py - _get_chrome_authenticated - 0258e0ab-0aca-44c5-ae65-00026337880d - beginning of function
2020-04-13 01:31:59 - INFO - get_acc_balance.py - _get_chrome_authenticated - 0258e0ab-0aca-44c5-ae65-00026337880d - ending of function
2020-04-13 01:31:59 - INFO - get_acc_balance.py - get_acc_balance - 0258e0ab-0aca-44c5-ae65-00026337880d - trying to reach element at xpath: //*[@id="box_conteudo"]/table[1]/tbody/tr[1]/td[2]
2020-04-13 01:31:59 - INFO - get_acc_balance.py - get_acc_balance - 0258e0ab-0aca-44c5-ae65-00026337880d - element was reached successfully
2020-04-13 01:31:59 - INFO - get_acc_balance.py - get_acc_balance - 0258e0ab-0aca-44c5-ae65-00026337880d - ending of function
2020-04-13 01:31:59 - INFO - get_acc_balance.py - append_data_to_json - 0258e0ab-0aca-44c5-ae65-00026337880d - beginning of function
2020-04-13 01:31:59 - INFO - get_acc_balance.py - append_data_to_json - 0258e0ab-0aca-44c5-ae65-00026337880d - appending data to existing json file
2020-04-13 01:31:59 - INFO - get_acc_balance.py - append_data_to_json - 0258e0ab-0aca-44c5-ae65-00026337880d - ending of function
2020-04-13 01:31:59 - INFO - get_acc_balance.py - main - 0258e0ab-0aca-44c5-ae65-00026337880d - ending of function
2020-04-13 01:46:33 - INFO - get_acc_balance.py - main - 81beb16b-21d6-47b6-81a9-9f0c44b42548 - beginning of function
2020-04-13 01:46:33 - INFO - get_acc_balance.py - get_acc_balance - 81beb16b-21d6-47b6-81a9-9f0c44b42548 - beginning of function
2020-04-13 01:46:33 - INFO - get_acc_balance.py - _get_chrome_authenticated - 81beb16b-21d6-47b6-81a9-9f0c44b42548 - beginning of function
2020-04-13 01:47:26 - INFO - get_acc_balance.py - _get_chrome_authenticated - 81beb16b-21d6-47b6-81a9-9f0c44b42548 - ending of function
2020-04-13 01:47:26 - INFO - get_acc_balance.py - get_acc_balance - 81beb16b-21d6-47b6-81a9-9f0c44b42548 - trying to reach element at xpath: //*[@id="box_conteudo"]/table[1]/tbody/tr[1]/td[2]
2020-04-13 01:47:26 - INFO - get_acc_balance.py - get_acc_balance - 81beb16b-21d6-47b6-81a9-9f0c44b42548 - element was reached successfully
2020-04-13 01:47:26 - INFO - get_acc_balance.py - get_acc_balance - 81beb16b-21d6-47b6-81a9-9f0c44b42548 - ending of function
2020-04-13 01:47:26 - INFO - get_acc_balance.py - append_data_to_json - 81beb16b-21d6-47b6-81a9-9f0c44b42548 - beginning of function
2020-04-13 01:47:26 - INFO - get_acc_balance.py - append_data_to_json - 81beb16b-21d6-47b6-81a9-9f0c44b42548 - appending data to existing json file
2020-04-13 01:47:26 - INFO - get_acc_balance.py - append_data_to_json - 81beb16b-21d6-47b6-81a9-9f0c44b42548 - ending of function
2020-04-13 01:47:26 - INFO - get_acc_balance.py - main - 81beb16b-21d6-47b6-81a9-9f0c44b42548 - ending of function
